{"F:\\100devs\\fullstackopen\\bloglist-frontend\\src\\components\\Blog.jsx": {"path":"F:\\100devs\\fullstackopen\\bloglist-frontend\\src\\components\\Blog.jsx","statementMap":{"0":{"start":{"line":3,"column":13},"end":{"line":43,"column":1}},"1":{"start":{"line":4,"column":40},"end":{"line":4,"column":55}},"2":{"start":{"line":6,"column":20},"end":{"line":12,"column":3}},"3":{"start":{"line":14,"column":30},"end":{"line":16,"column":3}},"4":{"start":{"line":15,"column":4},"end":{"line":15,"column":33}},"5":{"start":{"line":19,"column":2},"end":{"line":42,"column":4}},"6":{"start":{"line":33,"column":35},"end":{"line":33,"column":54}},"7":{"start":{"line":37,"column":35},"end":{"line":37,"column":56}},"8":{"start":{"line":45,"column":0},"end":{"line":61,"column":2}}},"fnMap":{"0":{"name":"(anonymous_0)","decl":{"start":{"line":3,"column":13},"end":{"line":3,"column":14}},"loc":{"start":{"line":3,"column":59},"end":{"line":43,"column":1}},"line":3},"1":{"name":"(anonymous_1)","decl":{"start":{"line":14,"column":30},"end":{"line":14,"column":31}},"loc":{"start":{"line":14,"column":36},"end":{"line":16,"column":3}},"line":14},"2":{"name":"(anonymous_2)","decl":{"start":{"line":33,"column":29},"end":{"line":33,"column":30}},"loc":{"start":{"line":33,"column":35},"end":{"line":33,"column":54}},"line":33},"3":{"name":"(anonymous_3)","decl":{"start":{"line":37,"column":29},"end":{"line":37,"column":30}},"loc":{"start":{"line":37,"column":35},"end":{"line":37,"column":56}},"line":37}},"branchMap":{"0":{"loc":{"start":{"line":24,"column":11},"end":{"line":24,"column":56}},"type":"cond-expr","locations":[{"start":{"line":24,"column":25},"end":{"line":24,"column":39}},{"start":{"line":24,"column":42},"end":{"line":24,"column":56}}],"line":24},"1":{"loc":{"start":{"line":28,"column":7},"end":{"line":40,"column":7}},"type":"binary-expr","locations":[{"start":{"line":28,"column":7},"end":{"line":28,"column":18}},{"start":{"line":29,"column":8},"end":{"line":39,"column":14}}],"line":28},"2":{"loc":{"start":{"line":36,"column":11},"end":{"line":37,"column":73}},"type":"binary-expr","locations":[{"start":{"line":36,"column":11},"end":{"line":36,"column":39}},{"start":{"line":37,"column":12},"end":{"line":37,"column":73}}],"line":36}},"s":{"0":1,"1":5,"2":5,"3":5,"4":2,"5":5,"6":2,"7":0,"8":1},"f":{"0":5,"1":2,"2":2,"3":0},"b":{"0":[2,3],"1":[5,2],"2":[2,2]},"_coverageSchema":"1a1c01bbd47fc00a2c39e90264f33305004495a9","hash":"b6d06d43eea45dc841475c47450fc3ecf81e7dbd"}
,"F:\\100devs\\fullstackopen\\bloglist-frontend\\src\\components\\BlogForm.jsx": {"path":"F:\\100devs\\fullstackopen\\bloglist-frontend\\src\\components\\BlogForm.jsx","statementMap":{"0":{"start":{"line":4,"column":17},"end":{"line":31,"column":1}},"1":{"start":{"line":5,"column":28},"end":{"line":5,"column":40}},"2":{"start":{"line":6,"column":30},"end":{"line":6,"column":42}},"3":{"start":{"line":7,"column":24},"end":{"line":7,"column":36}},"4":{"start":{"line":9,"column":18},"end":{"line":12,"column":3}},"5":{"start":{"line":10,"column":4},"end":{"line":10,"column":27}},"6":{"start":{"line":11,"column":4},"end":{"line":11,"column":42}},"7":{"start":{"line":14,"column":2},"end":{"line":30,"column":4}},"8":{"start":{"line":19,"column":87},"end":{"line":19,"column":109}},"9":{"start":{"line":22,"column":90},"end":{"line":22,"column":113}},"10":{"start":{"line":25,"column":81},"end":{"line":25,"column":101}},"11":{"start":{"line":33,"column":0},"end":{"line":35,"column":2}}},"fnMap":{"0":{"name":"(anonymous_0)","decl":{"start":{"line":4,"column":17},"end":{"line":4,"column":18}},"loc":{"start":{"line":4,"column":40},"end":{"line":31,"column":1}},"line":4},"1":{"name":"(anonymous_1)","decl":{"start":{"line":9,"column":18},"end":{"line":9,"column":19}},"loc":{"start":{"line":9,"column":29},"end":{"line":12,"column":3}},"line":9},"2":{"name":"(anonymous_2)","decl":{"start":{"line":19,"column":71},"end":{"line":19,"column":72}},"loc":{"start":{"line":19,"column":87},"end":{"line":19,"column":109}},"line":19},"3":{"name":"(anonymous_3)","decl":{"start":{"line":22,"column":74},"end":{"line":22,"column":75}},"loc":{"start":{"line":22,"column":90},"end":{"line":22,"column":113}},"line":22},"4":{"name":"(anonymous_4)","decl":{"start":{"line":25,"column":65},"end":{"line":25,"column":66}},"loc":{"start":{"line":25,"column":81},"end":{"line":25,"column":101}},"line":25}},"branchMap":{},"s":{"0":1,"1":4,"2":4,"3":4,"4":4,"5":1,"6":1,"7":4,"8":1,"9":1,"10":1,"11":1},"f":{"0":4,"1":1,"2":1,"3":1,"4":1},"b":{},"_coverageSchema":"1a1c01bbd47fc00a2c39e90264f33305004495a9","hash":"a60051c02958a00c8f676f6f3e82f745059fc6a5"}
}
