<?xml version="1.0" encoding="UTF-8"?>
<coverage generated="1705891662000" clover="3.2.0">
  <project timestamp="1705891662000" name="All files">
    <metrics statements="21" coveredstatements="20" conditionals="6" coveredconditionals="6" methods="9" coveredmethods="8" elements="36" coveredelements="34" complexity="0" loc="21" ncloc="21" packages="1" files="2" classes="2"/>
    <file name="Blog.jsx" path="F:\100devs\fullstackopen\bloglist-frontend\src\components\Blog.jsx">
      <metrics statements="9" coveredstatements="8" conditionals="6" coveredconditionals="6" methods="4" coveredmethods="3"/>
      <line num="3" count="1" type="stmt"/>
      <line num="4" count="5" type="stmt"/>
      <line num="6" count="5" type="stmt"/>
      <line num="14" count="5" type="stmt"/>
      <line num="15" count="2" type="stmt"/>
      <line num="19" count="5" type="stmt"/>
      <line num="33" count="2" type="stmt"/>
      <line num="37" count="0" type="stmt"/>
      <line num="45" count="1" type="stmt"/>
    </file>
    <file name="BlogForm.jsx" path="F:\100devs\fullstackopen\bloglist-frontend\src\components\BlogForm.jsx">
      <metrics statements="12" coveredstatements="12" conditionals="0" coveredconditionals="0" methods="5" coveredmethods="5"/>
      <line num="4" count="1" type="stmt"/>
      <line num="5" count="4" type="stmt"/>
      <line num="6" count="4" type="stmt"/>
      <line num="7" count="4" type="stmt"/>
      <line num="9" count="4" type="stmt"/>
      <line num="10" count="1" type="stmt"/>
      <line num="11" count="1" type="stmt"/>
      <line num="14" count="4" type="stmt"/>
      <line num="19" count="1" type="stmt"/>
      <line num="22" count="1" type="stmt"/>
      <line num="25" count="1" type="stmt"/>
      <line num="33" count="1" type="stmt"/>
    </file>
  </project>
</coverage>
