TN:
SF:src\components\Blog.jsx
FN:3,(anonymous_0)
FN:14,(anonymous_1)
FN:33,(anonymous_2)
FN:37,(anonymous_3)
FNF:4
FNH:3
FNDA:5,(anonymous_0)
FNDA:2,(anonymous_1)
FNDA:2,(anonymous_2)
FNDA:0,(anonymous_3)
DA:3,1
DA:4,5
DA:6,5
DA:14,5
DA:15,2
DA:19,5
DA:33,2
DA:37,0
DA:45,1
LF:9
LH:8
BRDA:24,0,0,2
BRDA:24,0,1,3
BRDA:28,1,0,5
BRDA:28,1,1,2
BRDA:36,2,0,2
BRDA:36,2,1,2
BRF:6
BRH:6
end_of_record
TN:
SF:src\components\BlogForm.jsx
FN:4,(anonymous_0)
FN:9,(anonymous_1)
FN:19,(anonymous_2)
FN:22,(anonymous_3)
FN:25,(anonymous_4)
FNF:5
FNH:5
FNDA:4,(anonymous_0)
FNDA:1,(anonymous_1)
FNDA:1,(anonymous_2)
FNDA:1,(anonymous_3)
FNDA:1,(anonymous_4)
DA:4,1
DA:5,4
DA:6,4
DA:7,4
DA:9,4
DA:10,1
DA:11,1
DA:14,4
DA:19,1
DA:22,1
DA:25,1
DA:33,1
LF:12
LH:12
BRF:0
BRH:0
end_of_record
