<?xml version="1.0" encoding="UTF-8"?>
<coverage generated="1705888606463" clover="3.2.0">
  <project timestamp="1705888606464" name="All files">
    <metrics statements="22" coveredstatements="21" conditionals="6" coveredconditionals="5" methods="7" coveredmethods="6" elements="35" coveredelements="32" complexity="0" loc="22" ncloc="22" packages="1" files="3" classes="3"/>
    <file name="Note.jsx" path="F:\100devs\fullstackopen\notes-frontend\src\components\Note.jsx">
      <metrics statements="3" coveredstatements="3" conditionals="2" coveredconditionals="1" methods="1" coveredmethods="1"/>
      <line num="1" count="1" type="stmt"/>
      <line num="2" count="2" type="cond" truecount="1" falsecount="1"/>
      <line num="6" count="2" type="stmt"/>
    </file>
    <file name="NoteForm.jsx" path="F:\100devs\fullstackopen\notes-frontend\src\components\NoteForm.jsx">
      <metrics statements="8" coveredstatements="8" conditionals="0" coveredconditionals="0" methods="3" coveredmethods="3"/>
      <line num="3" count="1" type="stmt"/>
      <line num="4" count="3" type="stmt"/>
      <line num="6" count="3" type="stmt"/>
      <line num="7" count="1" type="stmt"/>
      <line num="8" count="1" type="stmt"/>
      <line num="12" count="1" type="stmt"/>
      <line num="15" count="3" type="stmt"/>
      <line num="22" count="1" type="stmt"/>
    </file>
    <file name="Togglable.jsx" path="F:\100devs\fullstackopen\notes-frontend\src\components\Togglable.jsx">
      <metrics statements="11" coveredstatements="10" conditionals="4" coveredconditionals="4" methods="3" coveredmethods="2"/>
      <line num="4" count="1" type="stmt"/>
      <line num="5" count="10" type="stmt"/>
      <line num="7" count="10" type="cond" truecount="2" falsecount="0"/>
      <line num="8" count="10" type="cond" truecount="2" falsecount="0"/>
      <line num="10" count="10" type="stmt"/>
      <line num="11" count="5" type="stmt"/>
      <line num="14" count="10" type="stmt"/>
      <line num="15" count="0" type="stmt"/>
      <line num="20" count="10" type="stmt"/>
      <line num="24" count="10" type="stmt"/>
      <line num="37" count="1" type="stmt"/>
    </file>
  </project>
</coverage>
